[debug] [2023-09-07T05:45:37.729Z] ----------------------------------------------------------------------
[debug] [2023-09-07T05:45:37.731Z] Command:       C:\Program Files\nodejs\node.exe C:\Users\pc\AppData\Roaming\npm\node_modules\firebase-tools\lib\bin\firebase.js init
[debug] [2023-09-07T05:45:37.732Z] CLI Version:   12.0.0
[debug] [2023-09-07T05:45:37.732Z] Platform:      win32
[debug] [2023-09-07T05:45:37.732Z] Node Version:  v16.15.1
[debug] [2023-09-07T05:45:37.739Z] Time:          Thu Sep 07 2023 14:45:37 GMT+0900 (Japan Standard Time)
[debug] [2023-09-07T05:45:37.739Z] ----------------------------------------------------------------------
[debug] 
[debug] [2023-09-07T05:45:37.814Z] > command requires scopes: ["email","openid","https://www.googleapis.com/auth/cloudplatformprojects.readonly","https://www.googleapis.com/auth/firebase","https://www.googleapis.com/auth/cloud-platform"]
[debug] [2023-09-07T05:45:37.815Z] > authorizing via signed-in user (hoj256274@gmail.com)
[info] 
     ######## #### ########  ######## ########     ###     ######  ########
     ##        ##  ##     ## ##       ##     ##  ##   ##  ##       ##
     ######    ##  ########  ######   ########  #########  ######  ######
     ##        ##  ##    ##  ##       ##     ## ##     ##       ## ##
     ##       #### ##     ## ######## ########  ##     ##  ######  ########

You're about to initialize a Firebase project in this directory:

  D:\projects\Don\Dao_site

Before we get started, keep in mind:

  * You are initializing within an existing Firebase project directory

[info] 
=== Project Setup
[info] 
[info] First, let's associate this project directory with a Firebase project.
[info] You can create multiple project aliases by running firebase use --add, 
[info] but for now we'll just set up a default project.
[info] 
[debug] [2023-09-07T05:45:43.929Z] Using project from CLI flag: daoscience-site
[debug] [2023-09-07T05:45:43.930Z] > refreshing access token with scopes: []
[debug] [2023-09-07T05:45:43.932Z] >>> [apiv2][query] POST https://www.googleapis.com/oauth2/v3/token [none]
[debug] [2023-09-07T05:45:43.932Z] >>> [apiv2][body] POST https://www.googleapis.com/oauth2/v3/token [omitted]
[debug] [2023-09-07T05:45:45.141Z] <<< [apiv2][status] POST https://www.googleapis.com/oauth2/v3/token 200
[debug] [2023-09-07T05:45:45.141Z] <<< [apiv2][body] POST https://www.googleapis.com/oauth2/v3/token [omitted]
[debug] [2023-09-07T05:45:45.148Z] >>> [apiv2][query] GET https://firebase.googleapis.com/v1beta1/projects/daoscience-site [none]
[debug] [2023-09-07T05:45:46.476Z] <<< [apiv2][status] GET https://firebase.googleapis.com/v1beta1/projects/daoscience-site 200
[debug] [2023-09-07T05:45:46.476Z] <<< [apiv2][body] GET https://firebase.googleapis.com/v1beta1/projects/daoscience-site {"projectId":"daoscience-site","projectNumber":"306489181200","displayName":"DaoScience-site","name":"projects/daoscience-site","resources":{"hostingSite":"daoscience-site"},"state":"ACTIVE","etag":"1_cda8b5bf-683e-40d6-8ad2-2c24559ff2e6"}
[info] i  Using project daoscience-site (DaoScience-site) 
[info] 
=== Hosting Setup
[info] 
[info] Your public directory is the folder (relative to your project directory) that
[info] will contain Hosting assets to be uploaded with firebase deploy. If you
[info] have a build process for your assets, use your build's output directory.
[info] 
